[debug] [2020-10-14T18:18:36.317Z] ----------------------------------------------------------------------
[debug] [2020-10-14T18:18:36.325Z] Command:       /home/lakshya/.nvm/versions/node/v14.4.0/bin/node /home/lakshya/.nvm/versions/node/v14.4.0/bin/firebase init
[debug] [2020-10-14T18:18:36.326Z] CLI Version:   8.11.0
[debug] [2020-10-14T18:18:36.326Z] Platform:      linux
[debug] [2020-10-14T18:18:36.327Z] Node Version:  v14.4.0
[debug] [2020-10-14T18:18:36.329Z] Time:          Wed Oct 14 2020 23:48:36 GMT+0530 (India Standard Time)
[debug] [2020-10-14T18:18:36.329Z] ----------------------------------------------------------------------
[debug] [2020-10-14T18:18:36.330Z] 
[debug] [2020-10-14T18:18:36.351Z] > command requires scopes: ["email","openid","https://www.googleapis.com/auth/cloudplatformprojects.readonly","https://www.googleapis.com/auth/firebase","https://www.googleapis.com/auth/cloud-platform"]
[debug] [2020-10-14T18:18:36.352Z] > authorizing via signed-in user
[info] 
     ######## #### ########  ######## ########     ###     ######  ########
     ##        ##  ##     ## ##       ##     ##  ##   ##  ##       ##
     ######    ##  ########  ######   ########  #########  ######  ######
     ##        ##  ##    ##  ##       ##     ## ##     ##       ## ##
     ##       #### ##     ## ######## ########  ##     ##  ######  ########

You're about to initialize a Firebase project in this directory:

  /home/lakshya/Desktop/code/portfolio

Before we get started, keep in mind:

  * You are initializing in an existing Firebase project directory

